This is pdfTeX, Version 3.141592653-2.6-1.40.25 (MiKTeX 24.1) (preloaded format=pdflatex 2024.3.10)  11 MAR 2024 21:53
entering extended mode
 restricted \write18 enabled.
 %&-line parsing enabled.
**./Yota_Project.tex
(Yota_Project.tex
LaTeX2e <2023-11-01> patch level 1
L3 programming layer <2024-01-04>
(C:\Users\ROMEO_YOTA\AppData\Local\Programs\MiKTeX\tex/latex/base\article.cls
Document Class: article 2023/05/17 v1.4n Standard LaTeX document class
(C:\Users\ROMEO_YOTA\AppData\Local\Programs\MiKTeX\tex/latex/base\size12.clo
File: size12.clo 2023/05/17 v1.4n Standard LaTeX file (size option)
)
\c@part=\count187
\c@section=\count188
\c@subsection=\count189
\c@subsubsection=\count190
\c@paragraph=\count191
\c@subparagraph=\count192
\c@figure=\count193
\c@table=\count194
\abovecaptionskip=\skip48
\belowcaptionskip=\skip49
\bibindent=\dimen140
)
(C:\Users\ROMEO_YOTA\AppData\Local\Programs\MiKTeX\tex/latex/graphics\graphicx.
sty
Package: graphicx 2021/09/16 v1.2d Enhanced LaTeX Graphics (DPC,SPQR)

(C:\Users\ROMEO_YOTA\AppData\Local\Programs\MiKTeX\tex/latex/graphics\keyval.st
y
Package: keyval 2022/05/29 v1.15 key=value parser (DPC)
\KV@toks@=\toks17
)
(C:\Users\ROMEO_YOTA\AppData\Local\Programs\MiKTeX\tex/latex/graphics\graphics.
sty
Package: graphics 2022/03/10 v1.4e Standard LaTeX Graphics (DPC,SPQR)

(C:\Users\ROMEO_YOTA\AppData\Local\Programs\MiKTeX\tex/latex/graphics\trig.sty
Package: trig 2021/08/11 v1.11 sin cos tan (DPC)
)
(C:\Users\ROMEO_YOTA\AppData\Local\Programs\MiKTeX\tex/latex/graphics-cfg\graph
ics.cfg
File: graphics.cfg 2016/06/04 v1.11 sample graphics configuration
)
Package graphics Info: Driver file: pdftex.def on input line 107.

(C:\Users\ROMEO_YOTA\AppData\Local\Programs\MiKTeX\tex/latex/graphics-def\pdfte
x.def
File: pdftex.def 2022/09/22 v1.2b Graphics/color driver for pdftex
))
\Gin@req@height=\dimen141
\Gin@req@width=\dimen142
)
(C:\Users\ROMEO_YOTA\AppData\Local\Programs\MiKTeX\tex/latex/l3backend\l3backen
d-pdftex.def
File: l3backend-pdftex.def 2024-01-04 L3 backend support: PDF output (pdfTeX)
\l__color_backend_stack_int=\count195
\l__pdf_internal_box=\box51
) (Yota_Project.aux)
\openout1 = `Yota_Project.aux'.

LaTeX Font Info:    Checking defaults for OML/cmm/m/it on input line 4.
LaTeX Font Info:    ... okay on input line 4.
LaTeX Font Info:    Checking defaults for OMS/cmsy/m/n on input line 4.
LaTeX Font Info:    ... okay on input line 4.
LaTeX Font Info:    Checking defaults for OT1/cmr/m/n on input line 4.
LaTeX Font Info:    ... okay on input line 4.
LaTeX Font Info:    Checking defaults for T1/cmr/m/n on input line 4.
LaTeX Font Info:    ... okay on input line 4.
LaTeX Font Info:    Checking defaults for TS1/cmr/m/n on input line 4.
LaTeX Font Info:    ... okay on input line 4.
LaTeX Font Info:    Checking defaults for OMX/cmex/m/n on input line 4.
LaTeX Font Info:    ... okay on input line 4.
LaTeX Font Info:    Checking defaults for U/cmr/m/n on input line 4.
LaTeX Font Info:    ... okay on input line 4.

(C:\Users\ROMEO_YOTA\AppData\Local\Programs\MiKTeX\tex/context/base/mkii\supp-p
df.mkii
[Loading MPS to PDF converter (version 2006.09.02).]
\scratchcounter=\count196
\scratchdimen=\dimen143
\scratchbox=\box52
\nofMPsegments=\count197
\nofMParguments=\count198
\everyMPshowfont=\toks18
\MPscratchCnt=\count199
\MPscratchDim=\dimen144
\MPnumerator=\count266
\makeMPintoPDFobject=\count267
\everyMPtoPDFconversion=\toks19
)
(C:\Users\ROMEO_YOTA\AppData\Local\Programs\MiKTeX\tex/latex/epstopdf-pkg\epsto
pdf-base.sty
Package: epstopdf-base 2020-01-24 v2.11 Base part for package epstopdf
Package epstopdf-base Info: Redefining graphics rule for `.eps' on input line 4
85.

(C:\Users\ROMEO_YOTA\AppData\Local\Programs\MiKTeX\tex/latex/00miktex\epstopdf-
sys.cfg
File: epstopdf-sys.cfg 2021/03/18 v2.0 Configuration of epstopdf for MiKTeX
))
LaTeX Font Info:    External font `cmex10' loaded for size
(Font)              <12> on input line 10.
LaTeX Font Info:    External font `cmex10' loaded for size
(Font)              <8> on input line 10.
LaTeX Font Info:    External font `cmex10' loaded for size
(Font)              <6> on input line 10.

Overfull \hbox (65.13277pt too wide) in paragraph at lines 10--11
[][] 
 []

[1

{C:/Users/ROMEO_YOTA/AppData/Local/MiKTeX/fonts/map/pdftex/pdftex.map}]
(Yota_Project.toc)
\tf@toc=\write3
\openout3 = `Yota_Project.toc'.

 [2] [3]
Underfull \hbox (badness 10000) in paragraph at lines 39--41

 []

<image pygame.PNG, id=15, 453.19313pt x 337.26pt>
File: image pygame.PNG Graphic file (type png)
<use image pygame.PNG>
Package pdftex.def Info: image pygame.PNG  used on input line 43.
(pdftex.def)             Requested size: 226.59601pt x 168.62958pt.
[4 <./image pygame.PNG>]
Overfull \hbox (16.85379pt too wide) in paragraph at lines 50--57
\OT1/cmr/m/n/10.95 Nous avons utilis^^Se la bib-lioth^^Reque Pygame pour cr^^Se
er une fen^etre d'affichage graphique.
 []

<image_clavier.PNG, id=21, 399.74344pt x 194.22563pt>
File: image_clavier.PNG Graphic file (type png)
<use image_clavier.PNG>
Package pdftex.def Info: image_clavier.PNG  used on input line 63.
(pdftex.def)             Requested size: 119.92395pt x 58.26813pt.
<image_souris.PNG, id=22, 435.12563pt x 271.76532pt>
File: image_souris.PNG Graphic file (type png)
<use image_souris.PNG>
Package pdftex.def Info: image_souris.PNG  used on input line 63.
(pdftex.def)             Requested size: 130.53868pt x 81.53021pt.

Overfull \hbox (11.00597pt too wide) in paragraph at lines 65--66
[]\OT1/cmr/m/n/10.95 Interface util-isa-teur con-viviale : L'interface util-isa
-teur d^^Sevelopp^^See avec Pygame
 []

[5 <./image_clavier.PNG> <./image_souris.PNG>] [6] (Yota_Project.aux)
 ***********
LaTeX2e <2023-11-01> patch level 1
L3 programming layer <2024-01-04>
 ***********
 ) 
Here is how much of TeX's memory you used:
 1339 strings out of 474485
 22722 string characters out of 5741374
 1931542 words of memory out of 5000000
 23659 multiletter control sequences out of 15000+600000
 563323 words of font info for 53 fonts, out of 8000000 for 9000
 1141 hyphenation exceptions out of 8191
 57i,5n,65p,586b,189s stack positions out of 10000i,1000n,20000p,200000b,200000s
 <C:\Users\ROMEO_YOTA\AppData\Local\MiKTeX\fonts/pk/ljfour/jknappen/ec/dpi600
\tcrm1095.pk><C:/Users/ROMEO_YOTA/AppData/Local/Programs/MiKTeX/fonts/type1/pub
lic/amsfonts/cm/cmbx12.pfb><C:/Users/ROMEO_YOTA/AppData/Local/Programs/MiKTeX/f
onts/type1/public/amsfonts/cm/cmbxti10.pfb><C:/Users/ROMEO_YOTA/AppData/Local/P
rograms/MiKTeX/fonts/type1/public/amsfonts/cm/cmr10.pfb><C:/Users/ROMEO_YOTA/Ap
pData/Local/Programs/MiKTeX/fonts/type1/public/amsfonts/cm/cmr12.pfb>
Output written on Yota_Project.pdf (6 pages, 123851 bytes).
PDF statistics:
 53 PDF objects out of 1000 (max. 8388607)
 0 named destinations out of 1000 (max. 500000)
 16 words of extra memory for PDF output out of 10000 (max. 10000000)

